<?xml version="1.0" encoding="UTF-8"?>
<!-- Generated by org.testng.reporters.JUnitReportReporter -->
<testsuite skipped="0" hostname="L-MAA-25006415" name="priorityConcepts.withoutPriority" tests="5" failures="0" timestamp="20 Feb 2018 07:13:10 GMT" time="0.015" errors="0">
  <testcase name="d_method" time="0.002" classname="priorityConcepts.withoutPriority"/>
  <testcase name="a_method" time="0.010" classname="priorityConcepts.withoutPriority"/>
  <testcase name="e_method" time="0.001" classname="priorityConcepts.withoutPriority"/>
  <testcase name="c_method" time="0.001" classname="priorityConcepts.withoutPriority"/>
  <testcase name="b_method" time="0.001" classname="priorityConcepts.withoutPriority"/>
</testsuite> <!-- priorityConcepts.withoutPriority -->
