<?xml version="1.0" encoding="UTF-8"?>
<!-- Generated by org.testng.reporters.JUnitReportReporter -->
<testsuite skipped="0" hostname="L-MAA-25006415" name="priorityConcepts.WithPriority" tests="5" failures="0" timestamp="20 Feb 2018 07:18:34 GMT" time="0.015" errors="0">
  <testcase name="c_method" time="0.008" classname="priorityConcepts.WithPriority"/>
  <testcase name="b_method" time="0.002" classname="priorityConcepts.WithPriority"/>
  <testcase name="a_method" time="0.002" classname="priorityConcepts.WithPriority"/>
  <testcase name="e_method" time="0.002" classname="priorityConcepts.WithPriority"/>
  <testcase name="d_method" time="0.001" classname="priorityConcepts.WithPriority"/>
</testsuite> <!-- priorityConcepts.WithPriority -->
