<?xml version="1.0" encoding="UTF-8"?>
<!-- Generated by org.testng.reporters.JUnitReportReporter -->
<testsuite skipped="0" hostname="L-MAA-25006415" name="allConcepts.expectedException" tests="1" failures="0" timestamp="20 Feb 2018 07:33:22 GMT" time="0.021" errors="0">
  <testcase name="exceptionTest1" time="0.021" classname="allConcepts.expectedException"/>
</testsuite> <!-- allConcepts.expectedException -->
