<?xml version="1.0" encoding="UTF-8"?>
<!-- Generated by org.testng.reporters.JUnitReportReporter -->
<testsuite skipped="0" hostname="L-MAA-25006415" name="priorityConcepts.invocationCountExample" tests="10" failures="0" timestamp="20 Feb 2018 12:23:06 GMT" time="90.439" errors="0">
  <testcase name="sampleInvocation" time="14.090" classname="priorityConcepts.invocationCountExample"/>
  <testcase name="sampleInvocation" time="8.527" classname="priorityConcepts.invocationCountExample"/>
  <testcase name="sampleInvocation" time="6.847" classname="priorityConcepts.invocationCountExample"/>
  <testcase name="sampleInvocation" time="9.053" classname="priorityConcepts.invocationCountExample"/>
  <testcase name="sampleInvocation" time="7.808" classname="priorityConcepts.invocationCountExample"/>
  <testcase name="sampleInvocation" time="6.859" classname="priorityConcepts.invocationCountExample"/>
  <testcase name="sampleInvocation" time="7.463" classname="priorityConcepts.invocationCountExample"/>
  <testcase name="sampleInvocation" time="10.872" classname="priorityConcepts.invocationCountExample"/>
  <testcase name="sampleInvocation" time="8.622" classname="priorityConcepts.invocationCountExample"/>
  <testcase name="sampleInvocation" time="10.298" classname="priorityConcepts.invocationCountExample"/>
</testsuite> <!-- priorityConcepts.invocationCountExample -->
